OpenCVLibrary/build/intermediates/manifest_merge_blame_file/debug/processDebugManifest/manifest-merger-blame-debug-report.txt
1<?xml version="1.0" encoding="utf-8"?>
2<manifest xmlns:android="http://schemas.android.com/apk/res/android"
3    package="org.opencv" >
4
5    <uses-sdk android:minSdkVersion="21" />
6
7    <uses-permission android:name="android.permission.CAMERA" />
7-->OpenCVLibrary/java/AndroidManifest.xml:5:5-65
7-->OpenCVLibrary/java/AndroidManifest.xml:5:22-62
8    <uses-permission android:name="android.permission.READ_EXTERNAL_STORAGE" />
8-->OpenCVLibrary/java/AndroidManifest.xml:6:5-80
8-->OpenCVLibrary/java/AndroidManifest.xml:6:22-77
9    <uses-permission android:name="android.permission.WRITE_EXTERNAL_STORAGE" />
9-->OpenCVLibrary/java/AndroidManifest.xml:7:5-81
9-->OpenCVLibrary/java/AndroidManifest.xml:7:22-78
10
11    <uses-feature
11-->OpenCVLibrary/java/AndroidManifest.xml:8:5-84
12        android:name="android.hardware.camera"
12-->OpenCVLibrary/java/AndroidManifest.xml:8:19-57
13        android:required="false" />
13-->OpenCVLibrary/java/AndroidManifest.xml:8:58-82
14    <uses-feature
14-->OpenCVLibrary/java/AndroidManifest.xml:9:5-94
15        android:name="android.hardware.camera.autofocus"
15-->OpenCVLibrary/java/AndroidManifest.xml:9:19-67
16        android:required="false" />
16-->OpenCVLibrary/java/AndroidManifest.xml:9:68-92
17    <uses-feature
17-->OpenCVLibrary/java/AndroidManifest.xml:10:5-90
18        android:name="android.hardware.camera.front"
18-->OpenCVLibrary/java/AndroidManifest.xml:10:19-63
19        android:required="false" />
19-->OpenCVLibrary/java/AndroidManifest.xml:10:64-88
20    <uses-feature
20-->OpenCVLibrary/java/AndroidManifest.xml:11:5-100
21        android:name="android.hardware.camera.front.autofocus"
21-->OpenCVLibrary/java/AndroidManifest.xml:11:19-73
22        android:required="false" />
22-->OpenCVLibrary/java/AndroidManifest.xml:11:74-98
23
24</manifest>